<?xml version="1.0" encoding="UTF-8"?>
<Site BuildName="Linux-g++"
	BuildStamp="20230716-1629-Experimental"
	Name="hp"
	Generator="ctest-3.25.1"
	CompilerName="/usr/bin/g++"
	CompilerVersion="12.2.0"
	OSName="Linux"
	Hostname="hp"
	OSRelease="6.1.0-10-amd64"
	OSVersion="#1 SMP PREEMPT_DYNAMIC Debian 6.1.37-1 (2023-07-03)"
	OSPlatform="x86_64"
	Is64Bits="1"
	VendorString="GenuineIntel"
	VendorID="Intel Corporation"
	FamilyID="6"
	ModelID="58"
	ProcessorCacheSize="4096"
	NumberOfLogicalCPU="4"
	NumberOfPhysicalCPU="2"
	TotalVirtualMemory="976"
	TotalPhysicalMemory="11826"
	LogicalProcessorsPerPhysical="2"
	ProcessorClockFrequency="2993.12"
	>
	<Testing>
		<StartDateTime>Jul 16 18:59 CEST</StartDateTime>
		<StartTestTime>1689526794</StartTestTime>
		<TestList/>
		<EndDateTime>Jul 16 18:59 CEST</EndDateTime>
		<EndTestTime>1689526794</EndTestTime>
		<ElapsedMinutes>0</ElapsedMinutes>
	</Testing>
</Site>
